<?xml version="1.0" encoding="UTF-8"?>
<!-- Generated by org.testng.reporters.JUnitReportReporter -->
<testsuite hostname="DESKTOP-S2AT69Q" failures="0" tests="1" name="Runner.TestCase" time="12.548" errors="0" timestamp="2022-02-21T09:45:25 IST" skipped="0">
  <testcase classname="Runner.TestCase" name="ulogin" time="12.548"/>
  <system-out/>
</testsuite> <!-- Runner.TestCase -->
